SF:lib/features/reading/data/supabase_reading_session_repository.dart
DA:9,1
DA:11,0
DA:13,0
DA:14,0
DA:15,0
DA:16,0
DA:21,0
DA:22,0
DA:23,0
DA:26,0
DA:32,0
DA:33,0
DA:34,0
DA:35,0
DA:40,0
DA:41,0
DA:42,0
DA:43,0
DA:46,0
DA:48,0
DA:49,0
DA:50,0
DA:51,0
DA:52,0
DA:54,0
DA:55,0
DA:58,0
DA:60,0
DA:61,0
DA:62,0
DA:63,0
DA:64,0
DA:66,0
DA:67,0
DA:70,0
DA:72,0
DA:73,0
DA:74,0
DA:77,0
DA:78,0
DA:79,0
DA:81,0
DA:82,0
DA:85,0
DA:89,0
DA:91,0
DA:92,0
DA:93,0
DA:94,0
DA:95,0
DA:97,0
DA:98,0
DA:99,0
DA:107,0
DA:109,0
DA:110,0
DA:111,0
DA:112,0
DA:114,0
DA:115,0
DA:116,0
DA:122,0
DA:124,0
DA:125,0
DA:126,0
DA:127,0
DA:129,0
DA:130,0
DA:131,0
DA:132,0
DA:133,0
DA:134,0
DA:140,0
DA:142,0
DA:143,0
DA:144,0
DA:146,0
DA:147,0
DA:148,0
DA:149,0
DA:150,0
DA:153,0
DA:154,0
DA:155,0
DA:156,0
DA:157,0
DA:158,0
DA:159,0
DA:160,0
DA:162,0
DA:163,0
DA:164,0
DA:165,0
DA:172,1
DA:174,1
DA:175,1
DA:177,1
DA:178,4
DA:180,8
DA:182,1
DA:184,8
DA:187,2
DA:190,3
DA:191,3
DA:192,2
DA:193,2
DA:194,1
DA:195,1
DA:203,1
DA:205,1
DA:206,1
DA:210,3
DA:211,3
DA:212,2
DA:213,2
DA:214,1
DA:215,1
DA:217,1
DA:221,1
LF:119
LH:27
end_of_record
SF:lib/app_router.dart
DA:19,0
DA:25,3
DA:26,3
DA:28,3
DA:29,3
DA:30,6
DA:31,3
DA:32,3
DA:34,0
DA:36,3
DA:38,0
DA:40,3
DA:42,0
DA:47,3
DA:49,2
DA:50,8
DA:52,3
DA:54,0
DA:55,3
DA:56,3
DA:58,0
DA:60,3
DA:62,0
DA:66,3
DA:68,0
DA:74,0
DA:84,0
DA:86,0
DA:89,0
DA:90,0
DA:91,0
DA:92,0
DA:93,0
DA:94,0
DA:97,0
DA:99,0
DA:100,0
DA:102,0
DA:103,0
DA:104,0
LF:40
LH:17
end_of_record
SF:lib/core/widgets/app_scaffold.dart
DA:18,3
DA:20,3
DA:21,3
DA:28,9
DA:58,3
DA:60,3
DA:63,6
DA:64,9
DA:65,9
DA:66,6
DA:67,3
DA:68,0
DA:74,3
DA:76,6
DA:77,3
DA:80,3
DA:81,15
DA:82,3
DA:85,3
DA:86,9
DA:87,3
DA:90,1
DA:91,2
DA:96,5
DA:99,3
DA:101,3
DA:107,9
DA:108,9
DA:109,9
DA:110,3
DA:111,4
DA:116,3
DA:117,3
DA:118,3
DA:119,3
DA:120,10
DA:124,3
DA:127,3
DA:128,9
DA:129,3
DA:130,3
DA:131,3
DA:132,9
DA:134,3
DA:136,3
DA:150,46
LF:46
LH:45
end_of_record
SF:lib/features/bookshelf/presentation/bookshelf_screen.dart
DA:21,93
DA:23,4
DA:24,4
DA:32,4
DA:34,4
DA:36,12
DA:37,20
DA:41,0
DA:42,0
DA:44,0
DA:46,0
DA:49,0
DA:51,0
DA:55,4
DA:57,12
DA:58,4
DA:59,4
DA:63,11
DA:65,11
DA:67,11
DA:69,4
DA:73,0
DA:75,0
DA:78,0
DA:79,0
DA:84,4
DA:86,4
DA:89,4
DA:90,4
DA:91,4
DA:101,4
DA:102,0
DA:103,0
DA:104,0
DA:105,0
DA:110,1
DA:113,4
DA:115,4
DA:119,4
DA:120,1
DA:124,1
DA:125,0
DA:127,3
DA:129,0
DA:130,0
DA:131,0
DA:132,0
DA:134,1
DA:138,4
DA:142,4
DA:143,0
DA:145,4
DA:147,0
DA:148,0
DA:149,0
DA:150,0
DA:152,4
DA:156,4
DA:160,4
DA:161,0
DA:163,4
DA:165,0
DA:166,0
DA:167,0
DA:168,0
DA:170,4
DA:175,3
DA:177,3
DA:178,3
DA:196,3
DA:197,0
DA:200,3
DA:208,4
DA:216,0
DA:217,0
DA:218,0
DA:221,0
DA:222,0
DA:224,0
DA:226,0
DA:228,0
DA:230,0
DA:231,0
DA:233,0
DA:236,0
DA:238,0
DA:243,0
DA:244,0
DA:246,0
DA:247,0
DA:250,0
DA:252,0
DA:256,0
DA:259,0
DA:261,0
LF:95
LH:43
end_of_record
SF:lib/features/explore/presentation/explore_screen.dart
DA:16,93
DA:18,3
DA:19,3
DA:40,1
DA:41,4
DA:42,1
DA:43,2
DA:44,2
DA:46,1
DA:50,3
DA:52,2
DA:55,1
DA:56,1
DA:57,1
DA:59,2
DA:60,1
DA:61,1
DA:65,3
DA:66,1
DA:67,1
DA:68,2
DA:69,1
DA:70,1
DA:74,1
DA:75,3
DA:76,3
DA:77,3
DA:83,1
DA:84,3
DA:85,1
DA:86,1
DA:87,3
DA:89,4
DA:90,1
DA:91,0
DA:92,4
DA:94,0
DA:96,3
DA:98,1
DA:101,0
DA:102,0
DA:103,0
DA:106,0
DA:107,0
DA:108,0
DA:109,0
DA:112,0
DA:113,0
DA:115,0
DA:118,0
DA:119,0
DA:120,0
DA:121,0
DA:122,0
DA:123,0
DA:126,0
DA:129,0
DA:130,0
DA:131,0
DA:133,0
DA:136,0
DA:140,3
DA:142,6
DA:143,6
DA:144,6
DA:145,6
DA:146,3
DA:147,3
DA:150,3
DA:152,3
DA:154,3
DA:155,3
DA:156,3
DA:157,3
DA:159,3
DA:161,3
DA:162,3
DA:163,3
DA:165,6
DA:166,0
DA:169,3
DA:171,6
DA:172,4
DA:175,3
DA:177,6
DA:178,4
DA:184,3
DA:185,6
DA:186,1
DA:187,3
DA:188,3
DA:189,3
DA:190,3
DA:192,3
DA:202,3
DA:203,3
DA:205,3
DA:206,3
DA:207,3
DA:209,3
DA:214,3
DA:217,6
DA:223,3
DA:224,3
DA:227,3
DA:228,2
DA:234,1
DA:235,1
DA:236,1
DA:245,1
DA:246,1
DA:247,1
DA:248,2
DA:249,2
DA:250,1
DA:251,5
DA:256,1
DA:257,1
DA:259,1
DA:261,1
DA:263,0
DA:264,0
DA:265,0
DA:266,0
DA:267,0
DA:268,0
DA:275,1
DA:277,1
DA:279,1
DA:280,1
DA:281,1
DA:286,1
DA:290,1
DA:291,1
DA:294,1
DA:296,1
DA:298,1
DA:327,3
DA:328,3
DA:330,3
DA:331,3
DA:332,3
DA:334,3
DA:339,3
DA:341,3
DA:346,3
DA:348,3
DA:353,3
DA:355,3
DA:357,3
DA:372,3
DA:375,3
DA:377,3
DA:378,3
DA:379,3
DA:380,3
DA:382,3
DA:383,3
DA:384,3
DA:386,3
DA:387,3
DA:388,3
DA:391,3
DA:392,3
DA:394,3
DA:397,3
LF:166
LH:135
end_of_record
SF:lib/features/reading/presentation/reading_screen.dart
DA:22,3
DA:24,2
DA:25,2
DA:51,2
DA:53,2
DA:54,6
DA:55,2
DA:59,2
DA:60,4
DA:62,6
DA:63,0
DA:64,0
DA:71,2
DA:72,1
DA:73,3
DA:74,1
DA:75,1
DA:76,1
DA:77,1
DA:78,1
DA:80,3
DA:81,2
DA:82,2
DA:83,2
DA:86,1
DA:87,2
DA:88,0
DA:89,0
DA:91,0
DA:92,0
DA:96,1
DA:99,0
DA:100,0
DA:101,0
DA:106,0
DA:111,5
DA:112,2
DA:114,3
DA:117,0
DA:121,2
DA:122,2
DA:123,0
DA:124,0
DA:127,0
DA:128,0
DA:129,0
DA:130,0
DA:132,0
DA:133,0
DA:134,0
DA:137,0
DA:138,0
DA:139,0
DA:141,0
DA:143,0
DA:149,0
DA:150,0
DA:151,0
DA:154,0
DA:155,0
DA:157,0
DA:161,0
DA:162,0
DA:164,0
DA:165,0
DA:167,0
DA:171,0
DA:173,0
DA:175,0
DA:176,0
DA:177,0
DA:181,0
DA:187,1
DA:188,3
DA:189,1
DA:190,1
DA:192,3
DA:195,1
DA:196,1
DA:198,5
DA:200,0
DA:205,1
DA:208,2
DA:210,7
DA:212,5
DA:213,2
DA:214,2
DA:218,0
DA:224,5
DA:225,4
DA:226,5
DA:228,0
DA:232,2
DA:233,4
DA:234,14
DA:237,1
DA:238,2
DA:239,2
DA:240,1
DA:241,4
DA:242,0
DA:243,2
DA:244,2
DA:245,3
DA:246,2
DA:247,2
DA:249,3
DA:250,1
DA:255,1
DA:257,2
DA:259,1
DA:261,1
DA:267,1
DA:268,3
DA:270,1
DA:271,3
DA:272,3
DA:273,2
DA:275,0
DA:280,1
DA:282,1
DA:284,2
DA:286,1
DA:287,1
DA:288,1
DA:291,0
DA:296,1
DA:301,4
DA:302,1
DA:303,3
DA:304,1
DA:305,0
DA:309,1
DA:310,0
DA:311,0
DA:312,0
DA:317,0
DA:322,0
DA:324,0
DA:325,0
DA:326,0
DA:330,0
DA:334,1
DA:335,1
DA:336,3
DA:337,5
DA:338,2
DA:344,1
DA:345,1
DA:346,2
DA:347,1
DA:348,1
DA:350,1
DA:354,1
DA:355,1
DA:356,1
DA:357,2
DA:359,2
DA:360,3
DA:363,1
DA:364,1
DA:365,3
DA:368,1
DA:369,1
DA:370,2
DA:371,1
DA:373,1
DA:383,1
DA:384,2
DA:385,3
DA:387,1
DA:391,1
DA:392,3
DA:395,0
DA:396,0
DA:397,0
DA:398,0
DA:401,0
DA:402,0
DA:404,0
DA:405,0
DA:406,0
DA:408,0
DA:410,0
DA:415,0
DA:417,0
DA:418,0
DA:419,0
DA:421,0
DA:422,0
DA:423,0
DA:424,0
DA:425,0
DA:426,0
DA:428,0
DA:429,0
DA:431,0
DA:432,0
DA:433,0
DA:435,0
DA:437,0
DA:440,1
DA:441,2
DA:442,3
DA:443,2
DA:444,7
DA:447,2
DA:449,3
DA:451,2
DA:455,4
DA:456,4
DA:457,4
DA:458,2
DA:460,4
DA:461,4
DA:462,2
DA:465,2
DA:467,2
DA:470,2
DA:471,2
DA:479,1
DA:481,1
DA:483,0
DA:486,1
DA:488,1
DA:489,1
DA:491,1
DA:493,3
DA:495,1
DA:497,1
DA:499,1
DA:501,1
DA:502,1
DA:503,1
DA:504,1
DA:507,1
DA:508,1
DA:511,2
DA:512,1
DA:513,2
DA:520,2
DA:521,1
DA:526,1
DA:527,1
DA:533,1
DA:534,2
DA:540,4
DA:541,4
DA:550,1
DA:551,1
DA:552,1
DA:553,1
DA:556,1
DA:558,1
DA:559,1
DA:562,1
DA:563,1
DA:564,1
DA:565,1
DA:568,1
DA:577,1
DA:578,1
DA:580,1
DA:581,1
DA:582,2
DA:590,1
DA:591,1
DA:595,1
DA:596,1
DA:598,1
DA:600,1
DA:601,2
DA:602,3
DA:604,1
DA:612,1
DA:614,1
DA:622,1
DA:623,1
DA:625,1
DA:635,1
DA:645,2
DA:650,1
DA:651,1
DA:658,1
DA:660,1
DA:671,1
DA:673,2
DA:675,1
DA:676,1
DA:680,1
DA:681,2
DA:682,3
DA:685,1
DA:687,1
DA:690,1
DA:691,1
DA:693,1
DA:696,1
DA:697,1
DA:699,1
DA:701,1
DA:703,1
DA:708,1
LF:303
LH:216
end_of_record
SF:lib/features/history/presentation/history_screen.dart
DA:14,93
DA:16,2
DA:18,4
DA:19,4
DA:21,2
DA:23,2
DA:24,2
DA:25,2
DA:27,2
DA:29,2
DA:37,2
DA:38,2
DA:41,4
DA:42,2
DA:45,4
DA:46,2
DA:49,4
DA:50,2
DA:53,4
DA:54,2
DA:57,4
DA:58,2
DA:61,8
DA:67,2
DA:69,2
DA:71,2
DA:72,2
DA:74,2
DA:75,2
DA:76,2
DA:77,2
DA:80,2
DA:82,2
DA:83,8
DA:88,2
DA:89,6
DA:97,2
DA:98,2
DA:99,2
DA:100,4
DA:101,6
DA:119,6
DA:120,0
DA:121,0
DA:122,0
DA:123,2
DA:127,4
DA:129,0
DA:131,0
DA:133,0
DA:134,0
DA:136,0
DA:138,0
DA:145,0
DA:148,0
DA:149,0
DA:151,0
DA:152,0
DA:153,0
DA:158,2
DA:168,2
DA:171,2
DA:173,2
DA:175,2
DA:177,2
DA:178,2
DA:180,2
DA:182,2
DA:183,4
DA:185,4
DA:190,4
DA:201,0
DA:203,0
DA:205,0
DA:207,0
DA:209,0
DA:210,0
DA:213,0
LF:78
LH:56
end_of_record
SF:lib/features/auth/presentation/auth_screen.dart
DA:14,47
DA:16,1
DA:18,1
DA:20,1
DA:22,1
DA:23,1
DA:24,1
DA:25,1
DA:27,1
DA:29,1
DA:32,1
DA:35,3
DA:39,1
DA:41,3
DA:44,1
DA:46,3
DA:50,1
DA:52,1
DA:54,1
DA:56,0
DA:63,1
DA:65,1
DA:67,1
DA:69,0
DA:76,1
DA:78,1
DA:80,1
DA:82,0
LF:28
LH:25
end_of_record
SF:lib/features/auth/presentation/login_screen.dart
DA:15,47
DA:17,1
DA:18,1
DA:27,1
DA:29,2
DA:30,2
DA:31,1
DA:34,0
DA:35,0
DA:36,0
DA:38,0
DA:39,0
DA:40,0
DA:41,0
DA:42,0
DA:44,0
DA:46,0
DA:50,1
DA:52,3
DA:53,1
DA:55,1
DA:57,1
DA:58,1
DA:59,1
DA:62,0
DA:66,1
DA:68,1
DA:69,1
DA:70,1
DA:72,1
DA:74,1
DA:78,1
DA:79,0
DA:80,0
DA:83,0
DA:90,1
DA:94,1
DA:95,0
DA:96,0
DA:99,0
DA:105,1
DA:107,0
DA:109,0
DA:110,0
DA:112,0
DA:116,1
DA:117,1
DA:119,1
DA:121,1
DA:123,1
LF:50
LH:29
end_of_record
SF:lib/features/auth/presentation/signup_screen.dart
DA:14,47
DA:16,1
DA:17,1
DA:27,1
DA:29,2
DA:30,2
DA:31,2
DA:32,1
DA:35,0
DA:36,0
DA:37,0
DA:39,0
DA:40,0
DA:41,0
DA:42,0
DA:43,0
DA:45,0
DA:47,0
DA:51,1
DA:53,3
DA:54,1
DA:56,1
DA:58,1
DA:59,1
DA:60,1
DA:63,0
DA:67,1
DA:69,1
DA:70,1
DA:71,1
DA:73,1
DA:75,1
DA:79,1
DA:80,0
DA:81,0
DA:84,0
DA:91,1
DA:95,1
DA:96,0
DA:97,0
DA:100,0
DA:107,1
DA:111,1
DA:112,0
DA:113,0
DA:119,1
DA:121,0
DA:123,0
DA:124,0
DA:126,0
DA:130,1
DA:131,1
DA:133,1
DA:135,1
DA:137,1
LF:55
LH:32
end_of_record
SF:lib/features/recommendation/presentation/recommendation_screen.dart
DA:19,47
DA:21,1
DA:23,1
DA:31,1
DA:33,1
DA:34,1
DA:37,1
DA:38,2
DA:39,1
DA:40,1
DA:44,3
DA:46,3
DA:49,1
DA:54,1
DA:55,2
DA:56,1
DA:57,1
DA:61,0
DA:62,0
DA:63,0
DA:64,0
DA:70,1
DA:72,1
DA:74,1
DA:77,1
DA:78,1
DA:83,1
DA:84,1
DA:90,1
DA:91,0
DA:92,0
DA:94,0
DA:96,0
DA:97,0
DA:98,0
DA:103,0
DA:104,0
DA:113,1
DA:114,1
DA:115,2
DA:117,0
DA:118,0
DA:122,0
DA:123,0
DA:125,1
DA:140,1
DA:142,1
DA:144,1
DA:145,0
DA:147,0
DA:149,1
DA:161,1
DA:162,1
LF:53
LH:35
end_of_record
SF:lib/core/infrastructure/supabase/supabase_client_provider.dart
DA:5,32
DA:6,8
LF:2
LH:2
end_of_record
SF:lib/core/testing/widget_keys.dart
DA:9,0
LF:1
LH:0
end_of_record
SF:lib/core/theme/app_theme.dart
DA:7,0
DA:37,0
DA:38,0
DA:85,0
DA:88,0
DA:89,0
DA:94,0
DA:97,0
DA:98,0
DA:101,0
DA:102,0
DA:105,0
DA:106,0
DA:113,0
DA:114,0
DA:117,0
DA:118,0
DA:130,0
DA:132,0
DA:133,0
DA:138,0
DA:141,0
LF:22
LH:0
end_of_record
SF:lib/core/widgets/dungeon_background.dart
DA:25,55
DA:42,9
DA:43,9
DA:44,9
DA:45,7
DA:46,5
DA:48,3
DA:53,3
DA:55,2
DA:60,2
DA:62,0
DA:67,2
DA:69,2
DA:74,0
DA:76,0
DA:84,9
DA:86,9
DA:88,9
DA:90,9
DA:93,9
DA:100,18
DA:103,9
DA:104,9
DA:105,9
DA:115,9
DA:130,9
DA:144,27
LF:27
LH:24
end_of_record
SF:lib/domain/models/adventurer_stats.dart
DA:15,53
DA:30,10
LF:2
LH:2
end_of_record
SF:lib/domain/models/book.dart
DA:11,3
DA:12,3
DA:13,9
DA:14,0
DA:34,20
DA:49,3
DA:50,3
DA:51,3
DA:52,3
DA:53,3
DA:54,3
DA:55,3
DA:56,6
DA:57,3
DA:58,1
DA:59,3
DA:60,3
DA:61,3
DA:62,3
DA:63,3
DA:64,6
DA:65,3
DA:69,1
DA:70,1
DA:71,1
DA:72,1
DA:73,1
DA:74,1
DA:75,1
DA:76,1
DA:77,1
DA:78,1
DA:79,1
DA:80,1
DA:81,2
DA:82,1
DA:86,1
DA:89,1
DA:90,3
DA:91,0
DA:92,0
DA:93,0
DA:94,0
DA:95,0
DA:96,0
DA:97,0
DA:98,0
DA:99,0
DA:100,0
DA:101,0
DA:104,0
DA:105,0
DA:106,0
DA:107,0
DA:108,0
DA:109,0
DA:110,0
DA:111,0
DA:112,0
DA:113,0
DA:114,0
DA:115,0
DA:116,0
DA:117,0
DA:120,0
DA:121,0
DA:122,0
DA:123,0
LF:68
LH:38
end_of_record
SF:lib/domain/models/reading_session.dart
DA:12,2
DA:23,1
DA:24,1
DA:25,1
DA:26,1
DA:27,1
DA:28,1
DA:29,1
DA:30,1
DA:31,1
DA:32,1
DA:36,1
DA:37,1
DA:38,1
DA:39,1
DA:40,1
DA:41,1
DA:42,1
DA:43,1
DA:44,1
DA:45,1
DA:49,0
DA:50,0
DA:51,0
DA:52,0
DA:53,0
DA:54,0
DA:55,0
DA:56,0
DA:57,0
DA:58,0
DA:62,0
DA:63,0
DA:64,0
DA:65,0
DA:66,0
DA:67,0
DA:68,0
DA:69,0
DA:70,0
DA:71,0
LF:41
LH:21
end_of_record
SF:lib/domain/models/recommendation.dart
DA:17,6
DA:31,5
DA:41,10
DA:44,20
DA:45,15
DA:47,5
DA:48,5
DA:52,10
DA:53,5
DA:59,3
DA:67,3
LF:11
LH:11
end_of_record
SF:lib/domain/models/user_book.dart
DA:12,2
DA:13,2
DA:14,6
DA:15,1
DA:29,2
DA:30,2
DA:31,6
DA:32,0
DA:53,19
DA:69,1
DA:70,1
DA:71,1
DA:72,1
DA:73,1
DA:74,1
DA:75,2
DA:77,2
DA:78,2
DA:79,1
DA:80,1
DA:81,1
DA:82,1
DA:83,1
DA:84,1
DA:85,1
DA:89,1
DA:90,1
DA:91,1
DA:92,1
DA:93,1
DA:94,1
DA:95,2
DA:96,2
DA:97,1
DA:98,1
DA:99,1
DA:100,1
DA:101,1
DA:102,1
DA:103,1
DA:110,1
DA:113,1
DA:114,1
DA:115,1
DA:116,1
DA:117,1
DA:118,1
DA:119,1
DA:120,1
DA:121,1
DA:122,1
DA:123,1
DA:124,1
DA:125,1
DA:126,1
DA:127,3
DA:131,1
DA:132,1
DA:133,1
DA:134,1
DA:135,1
DA:136,2
DA:137,2
DA:138,1
DA:139,1
DA:140,1
DA:141,1
DA:142,1
DA:143,1
DA:144,1
DA:149,1
DA:150,1
DA:151,1
DA:152,1
DA:153,1
DA:154,2
DA:155,2
DA:156,1
DA:157,1
DA:158,1
DA:159,1
DA:160,1
DA:161,1
DA:162,1
LF:84
LH:83
end_of_record
SF:lib/domain/models/war_trophy.dart
DA:11,6
DA:21,1
DA:22,1
DA:23,1
DA:24,1
DA:25,1
DA:27,4
DA:28,1
DA:29,1
DA:30,1
DA:34,1
DA:35,1
DA:36,1
DA:37,1
DA:38,1
DA:39,1
DA:40,1
DA:41,1
DA:42,1
LF:19
LH:19
end_of_record
SF:lib/features/auth/data/supabase_auth_repository.dart
DA:12,1
DA:14,1
DA:17,1
DA:18,3
DA:19,3
DA:21,0
DA:22,0
DA:24,0
DA:25,0
DA:26,0
DA:30,1
DA:34,1
DA:35,1
DA:37,1
DA:39,4
DA:40,0
DA:41,0
DA:42,0
DA:43,0
DA:45,0
DA:46,0
DA:47,0
DA:53,1
DA:55,3
DA:56,1
DA:57,2
DA:58,1
DA:62,1
DA:64,3
DA:68,1
DA:69,1
DA:70,1
DA:71,1
DA:73,1
DA:77,1
DA:79,3
DA:83,1
DA:84,1
DA:85,1
DA:86,1
DA:88,1
DA:92,1
DA:94,3
DA:95,1
LF:44
LH:32
end_of_record
SF:lib/features/auth/domain/auth_state.dart
DA:8,101
DA:14,7
DA:16,1
DA:18,4
DA:20,0
DA:21,0
DA:28,4
DA:30,1
DA:33,4
DA:35,0
DA:36,0
DA:41,95
DA:43,0
DA:44,0
DA:46,0
DA:47,0
LF:16
LH:8
end_of_record
SF:lib/features/auth/presentation/auth_provider.dart
DA:9,9
DA:10,0
DA:11,0
DA:19,6
DA:20,12
DA:21,1
DA:22,1
DA:23,1
DA:26,0
DA:27,0
DA:31,6
DA:32,3
DA:33,2
DA:37,1
DA:38,1
DA:40,3
DA:42,1
DA:46,1
DA:47,1
DA:49,3
DA:51,0
DA:55,1
DA:56,1
DA:58,3
DA:60,0
DA:64,1
DA:66,2
DA:67,1
DA:73,3
DA:75,6
DA:76,3
DA:81,4
DA:82,4
DA:83,4
DA:84,2
LF:35
LH:29
end_of_record
SF:lib/features/auth/presentation/widgets/auth_form_field.dart
DA:17,2
DA:28,2
DA:30,2
DA:31,2
DA:32,2
DA:33,4
DA:34,2
DA:35,2
DA:36,2
DA:37,2
DA:38,2
DA:39,2
DA:40,2
LF:13
LH:13
end_of_record
SF:lib/features/bookshelf/data/daily_mission_provider.dart
DA:12,5
DA:17,15
DA:18,18
DA:19,9
DA:29,25
DA:30,5
DA:34,5
DA:35,5
DA:36,20
DA:39,5
DA:40,3
DA:41,3
DA:45,9
DA:46,9
DA:47,9
DA:48,3
DA:50,3
DA:52,9
DA:53,3
DA:54,6
DA:59,0
DA:63,3
DA:64,6
DA:65,3
DA:69,3
DA:71,3
DA:72,21
DA:73,3
DA:74,12
DA:76,0
DA:82,1
DA:84,3
DA:85,0
DA:86,0
DA:87,0
DA:88,0
DA:89,0
DA:90,0
DA:91,0
DA:92,0
DA:93,0
DA:94,0
DA:95,0
DA:97,0
DA:99,0
DA:104,1
DA:106,1
DA:107,0
DA:108,0
DA:114,0
DA:116,0
DA:117,0
DA:118,0
DA:119,0
DA:120,0
DA:121,0
DA:122,0
DA:123,0
DA:124,0
DA:125,0
DA:126,0
DA:127,0
DA:129,0
DA:131,0
DA:136,0
DA:138,0
DA:139,0
DA:140,0
DA:146,0
DA:148,0
DA:149,0
DA:150,0
DA:151,0
DA:152,0
DA:153,0
DA:154,0
DA:155,0
DA:156,0
DA:157,0
DA:158,0
DA:159,0
DA:161,0
DA:163,0
DA:168,0
DA:170,0
DA:171,0
DA:172,0
DA:179,10
DA:180,10
DA:181,5
LF:90
LH:35
end_of_record
SF:lib/features/bookshelf/domain/daily_mission.dart
DA:27,3
DA:39,21
DA:42,1
DA:43,1
DA:44,5
DA:45,3
DA:46,1
DA:47,2
DA:53,6
DA:54,3
DA:55,6
DA:56,3
DA:57,3
DA:58,3
DA:59,3
DA:60,3
DA:63,3
DA:64,3
DA:65,3
DA:66,6
DA:67,3
DA:68,3
DA:69,3
DA:70,3
DA:71,3
DA:72,3
DA:73,3
DA:78,9
DA:79,3
DA:88,3
DA:97,3
DA:106,3
DA:115,3
DA:124,3
DA:136,3
DA:137,6
DA:138,6
DA:139,3
DA:141,3
DA:143,6
DA:144,6
DA:145,6
DA:146,6
DA:148,6
DA:149,3
DA:150,3
DA:151,3
DA:152,3
DA:153,3
DA:154,3
DA:155,3
LF:51
LH:51
end_of_record
SF:lib/features/bookshelf/data/supabase_user_book_repository.dart
DA:10,0
DA:12,0
DA:14,0
DA:15,0
DA:16,0
DA:17,0
DA:19,0
DA:20,0
DA:23,0
DA:25,0
DA:26,0
DA:27,0
DA:28,0
DA:29,0
DA:31,0
DA:32,0
DA:35,0
DA:37,0
DA:38,0
DA:39,0
DA:40,0
DA:41,0
DA:43,0
DA:46,0
DA:48,0
DA:52,0
DA:53,0
DA:54,0
DA:55,0
DA:56,0
DA:57,0
DA:58,0
DA:59,0
DA:60,0
DA:62,0
DA:67,0
DA:68,0
DA:69,0
DA:70,0
DA:72,0
DA:73,0
DA:74,0
DA:75,0
DA:76,0
DA:77,0
DA:81,0
DA:82,0
DA:83,0
DA:84,0
DA:85,0
DA:86,0
DA:87,0
DA:88,0
DA:89,0
DA:90,0
DA:91,0
DA:92,0
DA:93,0
DA:94,0
DA:98,0
DA:100,0
DA:101,0
DA:102,0
DA:103,0
DA:104,0
DA:105,0
DA:106,0
DA:109,0
DA:111,0
LF:69
LH:0
end_of_record
SF:lib/features/bookshelf/data/supabase_war_trophy_repository.dart
DA:13,1
DA:15,0
DA:17,0
DA:18,0
DA:19,0
DA:20,0
DA:22,0
DA:23,0
DA:26,0
DA:28,0
DA:29,0
DA:30,0
DA:31,0
DA:32,0
DA:33,0
DA:34,0
DA:35,0
DA:38,0
DA:40,0
DA:41,0
DA:42,0
DA:43,0
DA:44,0
DA:45,0
DA:46,0
DA:50,0
DA:51,0
DA:52,0
DA:53,0
DA:54,0
DA:56,0
DA:57,0
DA:58,0
DA:59,0
DA:64,0
DA:65,0
DA:66,0
DA:67,0
DA:68,0
DA:69,0
DA:70,0
DA:71,0
DA:72,0
LF:43
LH:1
end_of_record
SF:lib/features/bookshelf/data/user_book_repository_provider.dart
DA:8,32
DA:9,16
DA:10,0
LF:3
LH:2
end_of_record
SF:lib/features/bookshelf/data/war_trophy_repository_provider.dart
DA:8,0
DA:9,0
DA:10,0
LF:3
LH:0
end_of_record
SF:lib/shared/providers/book_data_provider.dart
DA:19,10
DA:27,5
DA:34,5
DA:35,5
DA:36,3
DA:37,5
DA:38,5
DA:40,5
DA:57,10
DA:58,20
DA:65,4
DA:66,4
DA:67,8
DA:70,0
DA:72,0
DA:73,0
DA:74,0
DA:75,0
DA:77,0
DA:78,0
DA:80,0
DA:86,5
DA:87,5
DA:88,10
DA:92,0
DA:93,0
DA:94,0
DA:96,0
DA:97,0
DA:98,0
DA:103,2
DA:104,2
DA:106,0
DA:108,0
DA:109,0
DA:114,2
DA:115,2
DA:117,0
DA:119,0
DA:120,0
DA:129,3
DA:130,9
DA:131,7
DA:132,3
DA:133,1
DA:135,3
DA:137,9
DA:140,1
DA:142,6
DA:153,5
DA:155,15
DA:156,13
DA:157,5
DA:158,0
DA:160,5
DA:162,15
DA:165,5
DA:169,2
DA:180,6
DA:181,8
DA:182,2
DA:184,2
DA:185,2
DA:186,2
DA:187,2
DA:188,2
DA:189,2
DA:190,1
DA:191,2
DA:192,1
DA:193,2
DA:194,2
DA:195,2
DA:196,2
DA:197,2
DA:198,2
DA:200,2
DA:201,6
DA:204,2
DA:208,2
DA:209,14
DA:210,6
DA:213,2
DA:216,2
DA:218,9
DA:228,1
DA:229,3
DA:230,1
DA:231,1
DA:232,0
DA:234,1
DA:236,3
DA:239,1
DA:241,6
DA:252,18
DA:253,17
DA:256,16
DA:262,16
DA:266,8
LF:99
LH:77
end_of_record
SF:lib/features/bookshelf/presentation/widgets/adventurer_header.dart
DA:10,47
DA:12,5
DA:14,10
DA:15,5
DA:16,5
DA:17,5
DA:18,5
DA:19,5
DA:22,5
DA:23,5
DA:24,5
DA:30,5
DA:32,5
DA:41,5
DA:53,5
DA:60,5
DA:62,5
DA:63,15
DA:64,15
DA:65,15
DA:66,15
DA:78,5
DA:80,5
DA:82,5
DA:83,5
DA:84,10
DA:86,10
DA:87,10
LF:28
LH:28
end_of_record
SF:lib/features/bookshelf/presentation/widgets/streak_display.dart
DA:8,47
DA:10,5
DA:12,15
DA:14,5
DA:16,1
DA:19,1
DA:20,1
DA:21,1
DA:24,1
DA:26,1
DA:29,1
DA:30,1
LF:12
LH:12
end_of_record
SF:lib/features/bookshelf/presentation/widgets/daily_quest.dart
DA:12,5
DA:18,5
DA:20,10
DA:21,5
DA:23,5
DA:27,3
DA:30,3
DA:31,3
DA:32,6
DA:42,3
DA:44,3
DA:46,3
DA:47,3
DA:59,3
DA:60,9
DA:61,3
DA:63,3
DA:73,9
DA:75,3
DA:78,3
DA:79,3
DA:81,3
DA:82,3
DA:83,3
DA:87,3
DA:88,3
DA:95,3
DA:96,0
DA:99,0
DA:100,0
DA:101,0
DA:123,3
DA:125,3
DA:127,3
DA:129,3
DA:130,3
DA:132,9
DA:136,3
DA:137,3
DA:139,3
DA:140,3
DA:141,3
DA:142,3
DA:143,3
DA:144,6
DA:145,3
DA:148,6
DA:155,3
DA:158,3
DA:159,6
DA:160,0
DA:161,3
DA:162,3
DA:164,3
DA:165,6
DA:167,9
DA:168,3
DA:170,6
DA:181,3
DA:182,3
DA:183,3
DA:184,6
DA:187,3
DA:188,6
DA:197,3
DA:198,6
DA:200,24
DA:201,3
DA:203,6
DA:216,3
DA:218,3
DA:220,3
DA:222,3
LF:73
LH:68
end_of_record
SF:lib/features/recommendation/presentation/widgets/recommendation_card.dart
DA:16,3
DA:21,3
DA:23,6
DA:24,6
DA:26,3
DA:30,3
DA:31,3
DA:32,6
DA:42,3
DA:44,3
DA:56,6
DA:57,1
DA:59,1
DA:60,1
DA:61,1
DA:62,1
DA:63,2
DA:67,1
DA:68,1
DA:71,1
DA:73,1
DA:84,3
DA:86,3
DA:97,3
DA:99,3
DA:101,3
DA:111,3
DA:113,3
DA:115,3
DA:116,6
DA:123,3
DA:125,3
DA:127,3
DA:129,3
DA:130,0
DA:131,3
LF:36
LH:35
end_of_record
SF:lib/features/bookshelf/presentation/widgets/book_card.dart
DA:13,2
DA:21,2
DA:22,4
DA:23,2
DA:25,1
DA:27,0
DA:32,2
DA:33,4
DA:34,2
DA:36,1
DA:38,0
DA:43,1
DA:44,1
DA:46,2
DA:49,2
DA:50,3
DA:53,1
DA:54,1
DA:55,0
DA:58,1
DA:59,0
DA:60,1
DA:69,2
DA:71,2
DA:72,8
DA:74,2
DA:80,2
DA:81,0
DA:82,2
DA:83,2
DA:84,2
DA:87,2
DA:89,2
DA:90,2
DA:92,2
DA:93,2
DA:95,2
DA:98,2
DA:99,2
DA:100,2
DA:108,2
DA:109,2
DA:111,2
DA:112,2
DA:113,6
DA:122,10
DA:123,2
DA:124,8
DA:132,2
DA:134,6
DA:135,1
DA:137,1
DA:138,1
DA:141,1
DA:142,3
DA:152,3
DA:153,0
DA:155,0
DA:156,0
DA:163,6
DA:164,1
DA:165,1
DA:166,1
DA:167,3
DA:168,0
DA:169,0
DA:173,2
DA:181,2
DA:182,2
DA:183,2
DA:186,2
DA:187,4
DA:188,2
DA:190,2
DA:191,2
DA:192,4
DA:196,2
DA:199,1
DA:200,1
DA:201,0
DA:202,1
DA:203,2
DA:206,2
LF:83
LH:72
end_of_record
SF:lib/features/bookshelf/presentation/widgets/book_shelf_section.dart
DA:13,4
DA:23,4
DA:25,4
DA:26,4
DA:27,4
DA:28,4
DA:29,4
DA:31,4
DA:32,4
DA:33,12
DA:35,4
DA:36,4
DA:43,8
DA:44,1
DA:48,1
DA:50,1
DA:52,1
DA:53,3
DA:58,4
DA:59,4
DA:60,4
DA:69,4
DA:71,8
DA:73,4
LF:24
LH:24
end_of_record
SF:lib/features/bookshelf/presentation/widgets/edit_book_modal.dart
DA:15,1
DA:18,0
DA:19,0
DA:23,0
DA:25,0
DA:30,1
DA:31,1
DA:40,1
DA:42,1
DA:43,2
DA:44,2
DA:45,2
DA:46,2
DA:47,3
DA:50,1
DA:52,2
DA:53,1
DA:56,1
DA:57,5
DA:58,3
DA:59,1
DA:60,1
DA:61,3
DA:62,5
DA:64,3
DA:67,1
DA:69,1
DA:71,1
DA:73,1
DA:78,1
DA:80,1
DA:82,1
DA:84,1
DA:89,1
DA:91,1
DA:93,1
DA:95,1
DA:100,1
DA:102,1
DA:104,1
DA:105,3
DA:107,1
DA:108,1
DA:110,1
DA:113,1
DA:115,1
DA:117,1
DA:119,1
DA:128,1
DA:129,1
DA:130,1
DA:132,3
DA:141,1
DA:144,1
DA:146,1
DA:156,1
DA:157,2
DA:158,1
DA:160,4
DA:162,1
DA:163,1
DA:164,1
DA:165,4
DA:167,1
DA:170,1
DA:180,1
DA:183,1
DA:185,1
DA:195,1
DA:196,2
DA:197,1
DA:199,2
DA:201,1
DA:202,1
DA:203,1
DA:204,4
DA:206,1
DA:209,1
DA:219,1
DA:222,1
DA:224,1
DA:234,1
DA:236,2
DA:237,1
DA:238,2
DA:239,1
DA:240,1
DA:242,1
DA:244,1
DA:245,1
DA:246,1
DA:253,1
DA:254,2
DA:255,3
DA:268,1
DA:271,1
DA:273,1
DA:283,1
DA:284,1
DA:286,1
DA:287,1
DA:290,1
DA:297,1
DA:298,1
DA:301,1
DA:302,1
DA:305,1
DA:306,1
DA:321,1
DA:322,1
DA:324,1
DA:325,1
DA:326,1
DA:330,1
DA:331,1
LF:115
LH:111
end_of_record
SF:lib/features/recommendation/domain/recommendation_service.dart
DA:18,2
DA:19,2
DA:21,2
DA:22,6
DA:24,4
DA:25,2
DA:26,4
DA:29,2
DA:30,2
DA:31,2
DA:32,0
DA:37,2
DA:44,2
DA:52,0
DA:53,0
DA:54,0
DA:55,0
DA:56,0
DA:57,0
DA:58,0
DA:59,0
DA:60,0
DA:64,0
DA:72,4
DA:74,1
DA:75,1
DA:76,2
DA:77,2
DA:78,2
DA:80,4
DA:81,4
DA:82,2
DA:83,1
DA:90,0
DA:93,0
DA:94,0
DA:95,0
DA:96,0
DA:97,0
DA:98,0
DA:99,0
DA:103,0
DA:105,0
LF:43
LH:22
end_of_record
SF:lib/features/recommendation/presentation/widgets/social_reading_section.dart
DA:27,93
DA:34,3
DA:36,3
DA:39,3
DA:41,3
DA:51,3
DA:52,0
DA:62,9
DA:63,3
DA:65,3
DA:66,3
DA:74,0
DA:75,0
DA:82,0
DA:83,0
DA:85,0
DA:86,0
DA:87,0
DA:88,0
DA:89,0
DA:90,0
DA:91,0
DA:95,0
DA:96,0
DA:105,0
DA:108,0
DA:110,0
DA:114,0
DA:115,0
DA:116,0
DA:118,0
DA:119,0
DA:120,0
DA:130,0
DA:131,0
LF:35
LH:10
end_of_record
SF:lib/shared/providers/adventurer_provider.dart
DA:8,27
DA:11,0
DA:12,0
DA:15,0
DA:16,0
DA:23,2
DA:24,12
DA:25,2
DA:26,4
DA:27,2
DA:28,2
DA:29,2
DA:30,2
DA:31,4
DA:32,4
DA:33,4
DA:34,4
DA:35,4
DA:36,4
DA:37,4
DA:42,2
DA:43,10
DA:48,1
DA:49,5
DA:52,1
DA:53,5
DA:58,2
DA:59,4
DA:60,6
DA:61,6
DA:67,2
DA:68,4
DA:71,10
DA:75,4
DA:88,4
DA:89,8
DA:90,8
DA:91,8
DA:92,8
DA:93,8
DA:94,8
DA:95,8
DA:96,8
DA:97,6
DA:98,6
DA:99,6
DA:105,3
DA:106,9
DA:107,9
DA:108,6
DA:109,12
DA:116,16
DA:117,13
DA:118,5
LF:54
LH:50
end_of_record
SF:lib/features/bookshelf/presentation/widgets/xp_bar.dart
DA:12,6
DA:20,36
DA:22,6
DA:24,6
DA:27,6
DA:29,6
DA:30,6
DA:32,6
DA:34,6
DA:35,6
DA:36,6
DA:37,6
DA:38,12
DA:46,6
DA:47,6
DA:48,6
DA:59,6
DA:60,6
DA:61,6
DA:62,6
DA:70,6
DA:71,18
LF:22
LH:22
end_of_record
SF:lib/shared/providers/book_search_service_provider.dart
DA:12,3
DA:13,0
DA:14,0
DA:18,0
DA:19,0
LF:5
LH:1
end_of_record
SF:lib/features/explore/presentation/widgets/search_results_widget.dart
DA:11,2
DA:17,2
DA:19,2
DA:21,4
DA:22,2
DA:23,4
DA:24,2
DA:25,4
DA:27,2
DA:29,3
DA:41,2
DA:43,2
DA:45,2
DA:46,2
DA:47,8
DA:49,2
DA:51,2
DA:53,2
DA:55,2
DA:56,2
DA:57,4
DA:58,1
DA:59,2
DA:63,1
DA:69,2
DA:70,2
DA:72,2
DA:73,2
DA:74,4
DA:75,6
DA:82,6
DA:83,2
DA:84,6
DA:85,4
DA:89,5
DA:91,1
DA:92,2
DA:93,3
DA:94,3
DA:105,2
DA:106,8
DA:108,2
DA:111,4
DA:113,2
DA:124,46
DA:126,2
DA:128,2
DA:131,6
LF:48
LH:48
end_of_record
SF:lib/features/history/data/weekly_reading_provider.dart
DA:5,8
DA:6,4
DA:7,0
LF:3
LH:2
end_of_record
SF:lib/features/reading/data/reading_session_repository_provider.dart
DA:8,16
DA:9,16
DA:10,16
DA:11,0
LF:4
LH:3
end_of_record
SF:lib/shared/providers/derived_provider.dart
DA:6,2
DA:7,2
DA:8,3
DA:9,5
DA:22,3
DA:34,12
DA:35,9
DA:37,3
DA:39,9
DA:41,9
DA:43,9
DA:44,3
DA:46,3
DA:48,3
DA:50,3
DA:52,4
DA:54,3
LF:17
LH:17
end_of_record
SF:lib/features/history/presentation/widgets/reading_calendar_widget.dart
DA:10,47
DA:12,2
DA:15,10
DA:17,2
DA:18,8
DA:21,8
DA:24,2
DA:26,2
DA:28,2
DA:30,2
DA:31,2
DA:33,2
DA:35,2
DA:52,2
DA:59,4
DA:61,16
DA:62,2
DA:63,2
DA:72,1
DA:76,2
DA:80,1
DA:81,1
DA:88,2
DA:89,4
DA:90,2
DA:92,2
DA:93,2
DA:96,2
DA:97,4
DA:104,2
DA:117,46
DA:119,2
DA:121,2
DA:123,2
DA:124,2
DA:127,2
DA:128,4
DA:129,2
DA:130,4
DA:134,4
LF:40
LH:40
end_of_record
SF:lib/features/history/presentation/widgets/weekly_chart_widget.dart
DA:10,1
DA:12,1
DA:14,4
DA:15,4
DA:17,1
DA:18,2
DA:19,3
DA:21,3
DA:24,1
DA:26,1
DA:28,1
DA:29,1
DA:31,1
DA:33,1
DA:40,2
DA:44,1
DA:46,1
DA:48,2
DA:49,1
DA:50,4
DA:52,1
DA:53,1
DA:55,1
DA:56,1
DA:57,1
DA:58,1
DA:59,1
DA:66,1
DA:67,1
DA:82,1
DA:83,1
DA:84,1
LF:32
LH:32
end_of_record
SF:lib/shared/providers/xp_calculator.dart
DA:2,2
DA:8,2
DA:10,2
DA:11,1
DA:12,2
DA:13,2
DA:14,1
DA:28,3
DA:48,3
DA:49,6
DA:50,3
DA:51,6
DA:54,12
DA:55,6
DA:56,3
DA:57,3
DA:61,6
DA:62,6
DA:63,3
DA:67,3
DA:76,3
DA:77,3
DA:78,3
DA:79,6
DA:80,9
LF:25
LH:25
end_of_record
SF:lib/features/shared/providers/war_trophy_provider.dart
DA:17,2
DA:24,1
DA:25,1
DA:26,2
DA:30,2
DA:31,2
DA:32,4
DA:33,1
DA:35,0
DA:44,1
DA:46,2
DA:47,5
DA:48,1
DA:49,1
DA:51,1
DA:53,1
DA:56,1
DA:60,1
DA:62,5
DA:69,1
DA:70,1
DA:72,6
DA:74,2
DA:76,0
DA:79,0
DA:87,0
DA:88,0
DA:91,0
DA:95,0
LF:29
LH:22
end_of_record
SF:lib/features/recommendation/presentation/widgets/recommendation_list.dart
DA:12,1
DA:17,1
DA:19,1
DA:23,1
DA:24,3
DA:25,1
LF:6
LH:6
end_of_record
SF:lib/shared/repositories/book_search_service.dart
DA:14,2
DA:27,1
DA:29,2
DA:30,1
DA:32,1
DA:35,1
DA:36,2
DA:37,1
DA:41,2
DA:47,1
DA:48,1
DA:51,2
DA:55,2
DA:59,2
DA:63,1
DA:64,1
DA:65,1
DA:66,2
DA:67,2
DA:71,1
DA:72,2
LF:21
LH:21
end_of_record
SF:lib/shared/repositories/rakuten_api.dart
DA:18,2
DA:22,1
DA:27,1
DA:28,3
DA:30,1
DA:31,1
DA:37,2
DA:38,3
DA:41,3
DA:42,1
DA:44,1
DA:45,2
DA:47,2
DA:48,1
DA:49,1
DA:50,1
DA:52,0
DA:57,1
DA:58,3
DA:60,1
DA:61,1
DA:67,2
DA:68,2
DA:71,3
DA:72,1
DA:74,1
DA:75,1
DA:77,2
DA:78,1
DA:84,1
DA:85,1
DA:86,1
DA:87,2
DA:88,1
DA:89,1
DA:90,2
DA:91,2
DA:92,2
DA:93,2
DA:94,2
DA:95,2
DA:96,0
DA:98,3
DA:102,1
DA:103,2
DA:105,1
DA:106,3
DA:107,3
DA:108,1
DA:111,1
DA:112,1
DA:114,2
DA:115,2
DA:116,0
DA:117,0
DA:120,1
DA:121,2
DA:122,1
DA:125,1
DA:126,1
DA:127,3
LF:61
LH:57
end_of_record
SF:lib/shared/repositories/openbd_api.dart
DA:15,3
DA:18,1
DA:19,2
DA:20,1
DA:24,2
DA:25,2
DA:28,3
DA:29,1
DA:31,1
DA:35,1
DA:41,1
DA:42,1
DA:43,1
DA:44,2
DA:45,1
DA:46,1
DA:47,2
DA:48,2
DA:49,2
DA:52,2
DA:54,3
DA:59,1
DA:60,3
DA:62,1
DA:63,3
DA:64,3
DA:65,1
DA:68,1
DA:69,1
DA:70,2
DA:71,2
DA:72,0
DA:73,0
DA:76,1
DA:77,2
DA:78,1
DA:81,1
DA:82,1
DA:83,3
LF:39
LH:37
end_of_record
SF:lib/shared/repositories/google_books_api.dart
DA:15,2
DA:18,1
DA:22,1
DA:23,3
DA:25,1
DA:31,2
DA:32,3
DA:35,3
DA:36,1
DA:37,2
DA:40,3
DA:41,1
DA:43,0
DA:48,1
DA:49,3
DA:50,1
DA:51,1
DA:57,2
DA:58,2
DA:61,3
DA:62,1
DA:63,1
DA:65,2
DA:71,1
DA:72,1
DA:73,1
DA:76,1
DA:80,2
DA:82,1
DA:83,1
DA:84,1
DA:85,1
DA:91,1
DA:93,1
DA:96,1
DA:100,1
DA:101,2
DA:102,1
DA:103,1
DA:104,1
DA:105,1
DA:108,3
DA:112,1
DA:113,0
DA:114,1
DA:115,4
DA:117,0
LF:47
LH:44
end_of_record
SF:lib/features/bookshelf/data/supabase_adventurer_repository.dart
DA:18,1
DA:20,1
DA:22,2
DA:23,2
DA:24,2
DA:25,2
DA:26,2
DA:31,2
DA:33,0
DA:36,1
DA:38,5
DA:41,1
DA:56,0
DA:61,0
DA:66,0
DA:71,0
DA:76,0
LF:17
LH:11
end_of_record
