SF:lib/domain/models/user_book.dart
DA:12,1
DA:13,1
DA:14,3
DA:15,0
DA:29,1
DA:30,1
DA:31,3
DA:32,0
DA:53,13
DA:69,0
DA:70,0
DA:71,0
DA:72,0
DA:73,0
DA:74,0
DA:75,0
DA:77,0
DA:78,0
DA:79,0
DA:80,0
DA:81,0
DA:82,0
DA:83,0
DA:84,0
DA:85,0
DA:89,0
DA:90,0
DA:91,0
DA:92,0
DA:93,0
DA:94,0
DA:95,0
DA:96,0
DA:97,0
DA:98,0
DA:99,0
DA:100,0
DA:101,0
DA:102,0
DA:103,0
DA:110,1
DA:113,1
DA:114,1
DA:115,1
DA:116,1
DA:117,1
DA:118,1
DA:119,1
DA:120,1
DA:121,1
DA:122,1
DA:123,1
DA:124,1
DA:125,1
DA:126,1
DA:127,3
DA:131,1
DA:132,1
DA:133,1
DA:134,1
DA:135,1
DA:136,2
DA:137,2
DA:138,1
DA:139,1
DA:140,1
DA:141,1
DA:142,1
DA:143,1
DA:144,1
DA:154,1
DA:155,1
DA:156,1
DA:157,1
DA:158,1
DA:159,2
DA:160,2
DA:161,1
DA:162,1
DA:163,1
DA:164,1
DA:165,1
DA:166,1
LF:83
LH:50
end_of_record
SF:lib/shared/providers/book_data_provider.dart
DA:22,6
DA:30,3
DA:37,3
DA:38,3
DA:39,2
DA:40,3
DA:41,3
DA:43,3
DA:60,6
DA:61,12
DA:68,1
DA:69,1
DA:70,2
DA:73,0
DA:75,0
DA:76,0
DA:77,0
DA:83,0
DA:84,0
DA:85,0
DA:88,0
DA:89,0
DA:92,0
DA:93,0
DA:97,0
DA:98,0
DA:100,0
DA:106,3
DA:107,3
DA:108,6
DA:112,0
DA:113,0
DA:114,0
DA:116,0
DA:117,0
DA:118,0
DA:123,0
DA:124,0
DA:126,0
DA:128,0
DA:129,0
DA:134,1
DA:135,1
DA:137,0
DA:139,0
DA:140,0
DA:149,2
DA:150,6
DA:151,2
DA:152,2
DA:153,0
DA:155,2
DA:157,6
DA:160,0
DA:162,0
DA:173,3
DA:175,9
DA:176,7
DA:177,3
DA:178,0
DA:180,3
DA:182,9
DA:185,3
DA:189,6
DA:190,5
DA:191,9
DA:192,3
DA:194,9
DA:195,5
DA:201,0
DA:214,0
DA:215,0
DA:216,0
DA:218,0
DA:219,0
DA:220,0
DA:221,0
DA:226,0
DA:227,0
DA:228,0
DA:229,0
DA:231,0
DA:232,0
DA:233,0
DA:234,0
DA:235,0
DA:236,0
DA:237,0
DA:238,0
DA:239,0
DA:241,0
DA:242,0
DA:245,0
DA:249,1
DA:250,7
DA:251,3
DA:254,1
DA:257,0
DA:259,0
DA:269,0
DA:270,0
DA:271,0
DA:272,0
DA:273,0
DA:275,0
DA:277,0
DA:280,0
DA:282,0
DA:293,12
DA:294,11
DA:297,10
DA:303,10
DA:307,5
LF:113
LH:46
end_of_record
SF:lib/shared/providers/derived_provider.dart
DA:6,2
DA:7,2
DA:8,3
DA:9,5
DA:22,2
DA:34,8
DA:35,6
DA:37,2
DA:39,7
DA:41,7
DA:43,7
DA:44,2
DA:46,3
DA:48,2
DA:50,3
DA:52,3
DA:54,2
LF:17
LH:17
end_of_record
SF:lib/core/theme/app_theme.dart
DA:7,0
DA:37,1
DA:38,1
DA:85,1
DA:88,1
DA:89,1
DA:94,1
DA:97,1
DA:98,1
DA:101,1
DA:102,1
DA:105,1
DA:106,1
DA:113,1
DA:114,1
DA:117,1
DA:118,1
DA:130,1
DA:132,1
DA:133,1
DA:138,1
DA:141,2
LF:22
LH:21
end_of_record
SF:lib/core/testing/widget_keys.dart
DA:9,0
LF:1
LH:0
end_of_record
SF:lib/app_router.dart
DA:19,0
DA:25,0
DA:26,0
DA:28,0
DA:29,0
DA:30,0
DA:31,0
DA:32,0
DA:34,0
DA:36,0
DA:38,0
DA:40,0
DA:42,0
DA:47,0
DA:49,0
DA:50,0
DA:52,0
DA:54,0
DA:55,0
DA:56,0
DA:58,0
DA:60,0
DA:62,0
DA:66,0
DA:68,0
DA:74,0
DA:84,0
DA:86,0
DA:89,0
DA:90,0
DA:91,0
DA:92,0
DA:93,0
DA:94,0
DA:97,0
DA:99,0
DA:100,0
DA:102,0
DA:103,0
DA:104,0
LF:40
LH:0
end_of_record
SF:lib/core/widgets/app_scaffold.dart
DA:21,0
DA:23,0
DA:24,0
DA:35,0
DA:65,0
DA:67,0
DA:68,0
DA:70,0
DA:71,0
DA:72,0
DA:73,0
DA:74,0
DA:75,0
DA:81,0
DA:83,0
DA:84,0
DA:87,0
DA:88,0
DA:89,0
DA:92,0
DA:93,0
DA:94,0
DA:97,0
DA:98,0
DA:99,0
DA:104,0
DA:108,0
DA:110,0
DA:112,0
DA:114,0
DA:121,0
DA:123,0
DA:127,0
DA:128,0
DA:129,0
DA:130,0
DA:131,0
DA:132,0
DA:136,0
DA:139,0
DA:140,0
DA:141,0
DA:142,0
DA:143,0
DA:144,0
DA:145,0
DA:150,0
DA:153,0
DA:154,0
DA:155,0
DA:156,0
DA:157,0
DA:158,0
DA:160,0
DA:162,0
DA:176,57
LF:56
LH:1
end_of_record
SF:lib/features/bookshelf/presentation/bookshelf_screen.dart
DA:22,115
DA:24,1
DA:25,1
DA:33,1
DA:35,1
DA:37,3
DA:38,5
DA:42,0
DA:43,0
DA:45,0
DA:47,0
DA:50,0
DA:52,0
DA:56,1
DA:58,3
DA:59,1
DA:60,1
DA:64,2
DA:66,2
DA:68,2
DA:70,1
DA:73,1
DA:74,0
DA:75,0
DA:76,0
DA:77,0
DA:78,0
DA:79,0
DA:89,0
DA:91,0
DA:94,0
DA:96,0
DA:101,1
DA:103,1
DA:106,1
DA:108,1
DA:109,1
DA:119,1
DA:120,0
DA:122,0
DA:123,0
DA:124,0
DA:125,0
DA:131,0
DA:134,1
DA:136,1
DA:140,1
DA:141,0
DA:145,0
DA:146,0
DA:148,0
DA:150,0
DA:151,0
DA:152,0
DA:153,0
DA:155,0
DA:159,1
DA:163,1
DA:164,0
DA:166,1
DA:168,0
DA:169,0
DA:170,0
DA:171,0
DA:173,1
DA:177,1
DA:181,1
DA:182,0
DA:184,1
DA:186,0
DA:187,0
DA:188,0
DA:189,0
DA:191,1
DA:196,1
DA:198,1
DA:199,1
DA:217,1
DA:218,0
DA:221,1
DA:229,1
DA:237,0
DA:238,0
DA:239,0
DA:242,0
DA:243,0
DA:245,0
DA:247,0
DA:249,0
DA:251,0
DA:252,0
DA:254,0
DA:257,0
DA:259,0
DA:264,0
DA:265,0
DA:267,0
DA:268,0
DA:271,0
DA:273,0
DA:277,0
DA:280,0
DA:282,0
LF:103
LH:39
end_of_record
SF:lib/features/explore/presentation/explore_screen.dart
DA:16,115
DA:18,1
DA:19,1
DA:40,1
DA:41,4
DA:42,1
DA:43,2
DA:44,2
DA:46,1
DA:50,3
DA:52,2
DA:55,1
DA:56,1
DA:57,1
DA:59,2
DA:60,1
DA:61,1
DA:65,3
DA:66,1
DA:67,1
DA:68,2
DA:69,1
DA:70,1
DA:74,1
DA:75,3
DA:76,3
DA:77,3
DA:83,1
DA:84,3
DA:85,1
DA:86,1
DA:87,3
DA:89,4
DA:90,1
DA:91,0
DA:92,4
DA:94,0
DA:96,3
DA:98,1
DA:101,0
DA:102,0
DA:103,0
DA:106,0
DA:107,0
DA:108,0
DA:109,0
DA:112,0
DA:113,0
DA:115,0
DA:118,0
DA:119,0
DA:120,0
DA:121,0
DA:122,0
DA:123,0
DA:125,0
DA:128,0
DA:129,0
DA:130,0
DA:136,0
DA:138,0
DA:139,0
DA:143,0
DA:145,0
DA:146,0
DA:152,0
DA:153,0
DA:154,0
DA:157,0
DA:158,0
DA:164,0
DA:165,0
DA:167,0
DA:168,0
DA:170,0
DA:171,0
DA:174,0
DA:177,0
DA:178,0
DA:179,0
DA:181,0
DA:184,0
DA:188,1
DA:190,2
DA:191,2
DA:192,2
DA:193,2
DA:194,1
DA:195,1
DA:198,1
DA:200,1
DA:202,1
DA:203,1
DA:205,1
DA:206,1
DA:208,1
DA:210,1
DA:211,1
DA:212,1
DA:214,2
DA:215,0
DA:218,1
DA:220,2
DA:221,4
DA:224,1
DA:226,2
DA:227,4
DA:233,2
DA:240,1
DA:241,1
DA:242,1
DA:243,1
DA:244,1
DA:245,1
DA:246,1
DA:247,1
DA:249,0
DA:253,1
DA:254,1
DA:256,1
DA:257,1
DA:258,1
DA:260,1
DA:265,1
DA:268,2
DA:274,1
DA:275,1
DA:278,1
DA:279,2
DA:285,1
DA:286,1
DA:287,1
DA:296,1
DA:297,1
DA:298,1
DA:299,2
DA:300,2
DA:301,1
DA:302,5
DA:307,1
DA:308,1
DA:310,1
DA:312,1
DA:314,0
DA:315,0
DA:316,0
DA:317,0
DA:318,0
DA:319,0
DA:326,1
DA:328,1
DA:330,1
DA:331,1
DA:332,1
DA:337,1
DA:341,1
DA:342,1
DA:345,1
DA:347,1
DA:349,1
DA:378,1
DA:379,1
DA:381,1
DA:382,1
DA:383,1
DA:385,1
DA:390,1
DA:392,1
DA:397,1
DA:399,1
DA:404,1
DA:406,1
DA:408,1
DA:423,1
DA:426,1
DA:428,1
DA:429,1
DA:430,1
DA:431,1
DA:433,1
DA:434,1
DA:435,1
DA:437,1
DA:438,1
DA:439,1
DA:442,1
DA:443,1
DA:445,1
DA:448,1
LF:189
LH:136
end_of_record
SF:lib/features/reading/presentation/reading_screen.dart
DA:18,0
DA:20,0
DA:21,0
DA:42,0
DA:44,0
DA:45,0
DA:46,0
DA:50,0
DA:51,0
DA:53,0
DA:54,0
DA:55,0
DA:62,0
DA:63,0
DA:65,0
DA:68,0
DA:72,0
DA:73,0
DA:74,0
DA:75,0
DA:77,0
DA:78,0
DA:80,0
DA:81,0
DA:82,0
DA:85,0
DA:86,0
DA:88,0
DA:92,0
DA:93,0
DA:95,0
DA:96,0
DA:98,0
DA:102,0
DA:104,0
DA:106,0
DA:107,0
DA:108,0
DA:112,0
DA:117,0
DA:118,0
DA:119,0
DA:122,0
DA:123,0
DA:124,0
DA:125,0
DA:126,0
DA:127,0
DA:128,0
DA:129,0
DA:130,0
DA:133,0
DA:138,0
DA:139,0
DA:140,0
DA:141,0
DA:142,0
DA:148,0
DA:149,0
DA:150,0
DA:151,0
DA:152,0
DA:156,0
DA:157,0
DA:158,0
DA:160,0
DA:164,0
DA:167,0
DA:168,0
DA:169,0
DA:170,0
DA:171,0
DA:172,0
DA:174,0
DA:175,0
DA:176,0
DA:177,0
DA:178,0
DA:179,0
DA:181,0
DA:182,0
DA:184,0
DA:185,0
DA:186,0
DA:188,0
DA:190,0
DA:193,0
DA:194,0
DA:195,0
DA:196,0
DA:197,0
DA:200,0
DA:202,0
DA:204,0
DA:208,0
DA:209,0
DA:210,0
DA:211,0
DA:213,0
DA:214,0
DA:215,0
DA:218,0
DA:220,0
DA:223,0
DA:224,0
DA:232,0
DA:234,0
DA:236,0
DA:239,0
DA:241,0
DA:242,0
DA:244,0
DA:246,0
DA:248,0
DA:250,0
DA:252,0
DA:254,0
DA:255,0
DA:256,0
DA:257,0
DA:260,0
DA:261,0
DA:262,0
DA:268,0
DA:269,0
DA:275,0
DA:276,0
DA:285,0
DA:286,0
DA:287,0
DA:288,0
DA:291,0
DA:293,0
DA:294,0
DA:297,0
DA:298,0
DA:299,0
DA:300,0
DA:303,0
DA:312,0
DA:313,0
DA:315,0
DA:316,0
DA:317,0
DA:325,0
DA:326,0
DA:330,0
DA:331,0
DA:333,0
DA:335,0
DA:336,0
DA:337,0
DA:339,0
DA:347,0
DA:349,0
DA:357,0
DA:359,0
DA:361,0
DA:363,0
DA:366,0
DA:378,0
DA:383,0
DA:384,0
DA:391,0
DA:393,0
DA:404,0
DA:406,0
DA:408,0
DA:409,0
DA:413,0
DA:414,0
DA:415,0
DA:418,0
DA:420,0
DA:423,0
DA:424,0
DA:426,0
DA:429,0
DA:430,0
DA:432,0
DA:434,0
DA:436,0
DA:441,0
LF:183
LH:0
end_of_record
SF:lib/features/history/presentation/history_screen.dart
DA:14,115
DA:16,1
DA:18,2
DA:19,2
DA:21,1
DA:23,1
DA:24,1
DA:26,1
DA:28,1
DA:30,1
DA:38,1
DA:39,1
DA:42,2
DA:43,1
DA:46,2
DA:47,1
DA:50,2
DA:51,1
DA:54,2
DA:55,1
DA:58,2
DA:59,1
DA:62,4
DA:68,1
DA:70,1
DA:72,1
DA:73,1
DA:75,1
DA:76,1
DA:77,1
DA:78,1
DA:81,1
DA:83,1
DA:84,4
DA:89,1
DA:90,3
DA:98,1
DA:99,1
DA:100,1
DA:101,2
DA:102,3
DA:120,3
DA:121,0
DA:122,0
DA:123,0
DA:124,1
DA:128,2
DA:130,0
DA:132,0
DA:134,0
DA:135,0
DA:137,0
DA:139,0
DA:146,0
DA:149,0
DA:150,0
DA:152,0
DA:153,0
DA:154,0
DA:159,1
DA:169,1
DA:172,1
DA:174,1
DA:176,1
DA:178,1
DA:179,1
DA:181,1
DA:183,1
DA:184,2
DA:186,2
DA:191,2
DA:202,0
DA:204,0
DA:206,0
DA:208,0
DA:210,0
DA:211,0
DA:214,0
LF:78
LH:56
end_of_record
SF:lib/features/auth/presentation/auth_screen.dart
DA:14,58
DA:16,1
DA:18,1
DA:20,1
DA:22,1
DA:24,1
DA:25,1
DA:26,1
DA:28,1
DA:30,1
DA:33,1
DA:36,3
DA:40,1
DA:42,3
DA:45,1
DA:47,3
DA:51,1
DA:53,1
DA:55,1
DA:57,0
DA:64,1
DA:66,1
DA:68,1
DA:70,0
DA:77,1
DA:79,1
DA:81,1
DA:83,0
LF:28
LH:25
end_of_record
SF:lib/features/auth/presentation/login_screen.dart
DA:15,58
DA:17,0
DA:18,0
DA:27,0
DA:29,0
DA:30,0
DA:31,0
DA:34,0
DA:35,0
DA:36,0
DA:38,0
DA:39,0
DA:40,0
DA:41,0
DA:42,0
DA:44,0
DA:46,0
DA:50,0
DA:52,0
DA:53,0
DA:55,0
DA:57,0
DA:58,0
DA:59,0
DA:62,0
DA:66,0
DA:68,0
DA:69,0
DA:70,0
DA:72,0
DA:74,0
DA:78,0
DA:79,0
DA:80,0
DA:83,0
DA:90,0
DA:94,0
DA:95,0
DA:96,0
DA:99,0
DA:105,0
DA:107,0
DA:109,0
DA:110,0
DA:112,0
DA:116,0
DA:117,0
DA:119,0
DA:121,0
DA:123,0
LF:50
LH:1
end_of_record
SF:lib/features/auth/presentation/signup_screen.dart
DA:14,58
DA:16,1
DA:17,1
DA:27,1
DA:29,2
DA:30,2
DA:31,2
DA:32,1
DA:35,0
DA:36,0
DA:37,0
DA:39,0
DA:40,0
DA:41,0
DA:42,0
DA:43,0
DA:45,0
DA:47,0
DA:51,1
DA:53,3
DA:54,1
DA:56,1
DA:58,1
DA:59,1
DA:60,1
DA:63,0
DA:67,1
DA:69,1
DA:70,1
DA:71,1
DA:73,1
DA:75,1
DA:79,1
DA:80,0
DA:81,0
DA:84,0
DA:91,1
DA:95,1
DA:96,0
DA:97,0
DA:100,0
DA:107,1
DA:111,1
DA:112,0
DA:113,0
DA:119,1
DA:121,0
DA:123,0
DA:124,0
DA:126,0
DA:130,1
DA:131,1
DA:133,1
DA:135,1
DA:137,1
LF:55
LH:32
end_of_record
SF:lib/features/recommendation/presentation/recommendation_screen.dart
DA:19,58
DA:21,1
DA:23,1
DA:31,1
DA:33,1
DA:34,1
DA:37,1
DA:38,2
DA:39,1
DA:40,1
DA:44,3
DA:46,3
DA:49,1
DA:54,1
DA:55,2
DA:56,1
DA:57,1
DA:61,0
DA:62,0
DA:63,0
DA:64,0
DA:70,1
DA:72,1
DA:74,1
DA:77,1
DA:79,1
DA:84,1
DA:85,1
DA:91,1
DA:92,0
DA:93,0
DA:95,0
DA:97,0
DA:98,0
DA:99,0
DA:104,0
DA:105,0
DA:114,1
DA:115,1
DA:116,2
DA:118,0
DA:119,0
DA:123,0
DA:124,0
DA:126,1
DA:141,1
DA:143,1
DA:145,1
DA:146,0
DA:148,0
DA:150,1
DA:162,1
DA:163,1
LF:53
LH:35
end_of_record
SF:lib/core/infrastructure/supabase/supabase_client_provider.dart
DA:5,23
DA:6,5
LF:2
LH:2
end_of_record
SF:lib/core/widgets/dungeon_background.dart
DA:50,63
DA:114,5
DA:116,5
DA:118,4
DA:120,3
DA:122,2
DA:124,2
DA:126,1
DA:132,5
DA:134,5
DA:136,4
DA:138,3
DA:140,2
DA:142,2
DA:144,1
DA:149,5
DA:151,10
DA:152,10
DA:154,5
DA:156,5
DA:159,5
DA:167,10
DA:170,5
DA:171,5
DA:172,5
DA:183,5
DA:184,5
DA:185,5
DA:188,5
DA:199,5
DA:200,5
DA:201,5
DA:204,5
DA:214,15
LF:34
LH:34
end_of_record
SF:lib/domain/models/adventurer_stats.dart
DA:15,61
DA:30,5
LF:2
LH:2
end_of_record
SF:lib/domain/models/book.dart
DA:11,2
DA:12,2
DA:13,6
DA:14,1
DA:34,15
DA:49,2
DA:50,2
DA:51,2
DA:52,2
DA:53,2
DA:54,2
DA:55,2
DA:56,4
DA:57,2
DA:58,1
DA:59,2
DA:60,2
DA:61,2
DA:62,2
DA:63,2
DA:64,4
DA:65,2
DA:69,1
DA:70,1
DA:71,1
DA:72,1
DA:73,1
DA:74,1
DA:75,1
DA:76,1
DA:77,1
DA:78,1
DA:79,1
DA:80,1
DA:81,2
DA:82,1
DA:86,1
DA:89,1
DA:90,3
DA:91,3
DA:92,3
DA:93,3
DA:94,3
DA:95,3
DA:96,3
DA:97,3
DA:98,3
DA:99,3
DA:100,3
DA:101,3
DA:104,1
DA:105,1
DA:106,1
DA:107,1
DA:108,1
DA:109,1
DA:110,2
DA:111,1
DA:112,1
DA:113,1
DA:114,1
DA:115,1
DA:116,1
DA:117,1
DA:120,1
DA:124,1
DA:125,1
DA:126,1
DA:127,1
DA:128,1
DA:129,1
DA:130,1
DA:131,1
DA:132,1
DA:133,1
DA:134,1
DA:135,1
DA:136,1
DA:140,1
DA:141,3
DA:142,3
DA:143,3
LF:82
LH:82
end_of_record
SF:lib/domain/models/reading_session.dart
DA:12,4
DA:23,2
DA:24,2
DA:25,2
DA:26,2
DA:27,2
DA:28,2
DA:29,2
DA:30,2
DA:31,2
DA:32,2
DA:36,2
DA:37,2
DA:38,2
DA:39,2
DA:40,2
DA:41,2
DA:42,2
DA:43,2
DA:44,2
DA:45,2
DA:49,1
DA:50,1
DA:51,1
DA:52,1
DA:53,1
DA:54,1
DA:55,1
DA:56,1
DA:57,1
DA:58,1
DA:62,1
DA:63,1
DA:64,1
DA:65,1
DA:66,1
DA:67,1
DA:68,1
DA:69,1
DA:70,1
DA:71,1
LF:41
LH:41
end_of_record
SF:lib/domain/models/recommendation.dart
DA:17,3
DA:31,3
DA:41,6
DA:44,12
DA:45,9
DA:47,3
DA:48,3
DA:52,6
DA:53,3
DA:59,2
DA:67,2
LF:11
LH:11
end_of_record
SF:lib/domain/models/war_trophy.dart
DA:11,5
DA:21,2
DA:22,2
DA:23,2
DA:24,2
DA:25,2
DA:27,8
DA:28,2
DA:29,2
DA:30,2
DA:34,2
DA:35,2
DA:36,2
DA:37,2
DA:38,2
DA:39,2
DA:40,2
DA:41,2
DA:42,2
LF:19
LH:19
end_of_record
SF:lib/features/auth/data/supabase_auth_repository.dart
DA:12,0
DA:14,0
DA:17,0
DA:18,0
DA:19,0
DA:21,0
DA:22,0
DA:24,0
DA:25,0
DA:26,0
DA:30,0
DA:34,0
DA:35,0
DA:37,0
DA:39,0
DA:40,0
DA:41,0
DA:42,0
DA:43,0
DA:45,0
DA:46,0
DA:47,0
DA:53,0
DA:55,0
DA:56,0
DA:57,0
DA:58,0
DA:62,0
DA:64,0
DA:68,0
DA:69,0
DA:70,0
DA:71,0
DA:73,0
DA:77,0
DA:79,0
DA:83,0
DA:84,0
DA:85,0
DA:86,0
DA:88,0
DA:92,0
DA:94,0
DA:95,0
LF:44
LH:0
end_of_record
SF:lib/features/auth/domain/auth_state.dart
DA:8,121
DA:14,6
DA:16,1
DA:18,4
DA:20,0
DA:21,0
DA:28,2
DA:30,1
DA:33,4
DA:35,0
DA:36,0
DA:41,117
DA:43,0
DA:44,0
DA:46,0
DA:47,0
LF:16
LH:8
end_of_record
SF:lib/features/auth/presentation/auth_provider.dart
DA:9,6
DA:10,0
DA:11,0
DA:19,2
DA:20,4
DA:21,0
DA:22,0
DA:23,0
DA:26,0
DA:27,0
DA:31,2
DA:32,1
DA:33,1
DA:37,0
DA:38,0
DA:40,0
DA:42,0
DA:46,0
DA:47,0
DA:49,0
DA:51,0
DA:55,0
DA:56,0
DA:58,0
DA:60,0
DA:64,0
DA:66,0
DA:67,0
DA:73,1
DA:75,2
DA:76,1
DA:81,2
DA:82,2
DA:83,2
DA:84,1
LF:35
LH:13
end_of_record
SF:lib/features/auth/presentation/widgets/auth_form_field.dart
DA:17,2
DA:28,1
DA:30,1
DA:31,1
DA:32,1
DA:33,2
DA:34,1
DA:35,1
DA:36,1
DA:37,1
DA:38,1
DA:39,1
DA:40,1
LF:13
LH:13
end_of_record
SF:lib/features/bookshelf/data/supabase_user_book_repository.dart
DA:11,0
DA:14,0
DA:19,0
DA:22,0
DA:24,0
DA:26,0
DA:29,0
DA:30,0
DA:33,0
DA:35,0
DA:37,0
DA:38,0
DA:39,0
DA:40,0
DA:43,0
DA:44,0
DA:47,0
DA:49,0
DA:51,0
DA:54,0
DA:57,0
DA:59,0
DA:63,0
DA:64,0
DA:65,0
DA:66,0
DA:67,0
DA:69,0
DA:72,0
DA:77,0
DA:78,0
DA:79,0
DA:80,0
DA:82,0
DA:84,0
DA:86,0
DA:90,0
DA:92,0
DA:93,0
DA:94,0
DA:95,0
DA:96,0
DA:97,0
DA:98,0
DA:99,0
DA:100,0
DA:101,0
DA:102,0
DA:103,0
DA:104,0
DA:108,0
DA:110,0
DA:112,0
DA:114,0
DA:117,0
DA:119,0
DA:121,0
LF:57
LH:0
end_of_record
SF:lib/features/bookshelf/data/user_book_repository_provider.dart
DA:8,23
DA:9,10
DA:10,0
LF:3
LH:2
end_of_record
SF:lib/features/bookshelf/presentation/widgets/adventurer_header.dart
DA:10,58
DA:12,1
DA:14,2
DA:15,1
DA:16,1
DA:17,1
DA:18,1
DA:19,1
DA:22,1
DA:23,1
DA:24,1
DA:30,1
DA:32,1
DA:41,1
DA:53,1
DA:60,1
DA:62,1
DA:63,3
DA:64,3
DA:65,3
DA:66,3
DA:78,1
DA:80,1
DA:82,1
DA:83,1
DA:84,2
DA:86,2
DA:87,2
LF:28
LH:28
end_of_record
SF:lib/features/bookshelf/presentation/widgets/streak_display.dart
DA:8,58
DA:10,2
DA:12,6
DA:14,2
DA:16,1
DA:19,1
DA:20,1
DA:21,1
DA:24,1
DA:26,1
DA:29,1
DA:30,1
LF:12
LH:12
end_of_record
SF:lib/features/bookshelf/presentation/widgets/daily_quest.dart
DA:9,1
DA:15,1
DA:17,1
DA:20,1
DA:21,1
DA:22,2
DA:32,1
DA:34,1
DA:35,1
DA:36,1
DA:48,1
DA:50,1
DA:51,1
DA:52,1
DA:76,1
DA:78,1
DA:79,1
DA:80,1
DA:84,1
DA:85,1
LF:20
LH:20
end_of_record
SF:lib/features/recommendation/presentation/widgets/recommendation_card.dart
DA:16,1
DA:21,1
DA:23,2
DA:24,2
DA:26,1
DA:30,1
DA:31,1
DA:32,2
DA:42,1
DA:44,1
DA:56,2
DA:57,1
DA:59,1
DA:60,1
DA:61,1
DA:62,1
DA:63,2
DA:67,1
DA:68,1
DA:71,1
DA:73,1
DA:84,1
DA:86,1
DA:97,1
DA:99,1
DA:101,1
DA:111,1
DA:113,1
DA:115,1
DA:116,2
DA:123,1
DA:125,1
DA:127,1
DA:129,1
DA:130,0
DA:131,1
LF:36
LH:35
end_of_record
SF:lib/features/bookshelf/presentation/widgets/book_card.dart
DA:13,1
DA:21,1
DA:22,2
DA:23,1
DA:25,0
DA:27,0
DA:32,1
DA:33,2
DA:34,1
DA:36,0
DA:38,0
DA:43,1
DA:44,1
DA:46,2
DA:49,2
DA:50,3
DA:53,1
DA:54,1
DA:55,0
DA:58,1
DA:59,0
DA:60,1
DA:69,1
DA:71,1
DA:72,4
DA:74,1
DA:80,2
DA:81,0
DA:82,1
DA:83,1
DA:84,1
DA:87,1
DA:89,1
DA:90,1
DA:92,1
DA:93,1
DA:95,1
DA:98,1
DA:99,1
DA:100,1
DA:108,1
DA:109,1
DA:111,1
DA:112,1
DA:113,3
DA:122,5
DA:123,1
DA:124,4
DA:132,1
DA:134,3
DA:135,0
DA:137,0
DA:138,0
DA:141,0
DA:142,0
DA:152,3
DA:153,0
DA:155,0
DA:156,0
DA:163,3
DA:164,0
DA:165,0
DA:166,0
DA:167,0
DA:168,0
DA:169,0
DA:173,0
DA:181,1
DA:182,1
DA:183,1
DA:186,1
DA:187,2
DA:188,1
DA:190,1
DA:191,1
DA:192,2
DA:196,1
DA:199,1
DA:200,1
DA:201,0
DA:202,1
DA:203,2
DA:206,2
LF:83
LH:60
end_of_record
SF:lib/features/bookshelf/presentation/widgets/book_shelf_section.dart
DA:13,2
DA:23,2
DA:25,2
DA:26,2
DA:27,2
DA:28,2
DA:29,2
DA:31,2
DA:32,2
DA:33,6
DA:35,2
DA:36,2
DA:43,4
DA:44,1
DA:48,1
DA:50,1
DA:52,1
DA:53,3
DA:58,2
DA:59,2
DA:60,2
DA:69,2
DA:71,4
DA:73,2
LF:24
LH:24
end_of_record
SF:lib/features/bookshelf/presentation/widgets/edit_book_modal.dart
DA:15,1
DA:18,0
DA:19,0
DA:24,0
DA:26,0
DA:31,1
DA:32,1
DA:43,1
DA:45,1
DA:46,2
DA:47,2
DA:48,2
DA:49,2
DA:50,3
DA:51,4
DA:52,2
DA:53,3
DA:57,1
DA:59,2
DA:60,2
DA:61,2
DA:62,1
DA:65,1
DA:66,3
DA:67,2
DA:69,3
DA:70,2
DA:72,1
DA:73,3
DA:74,3
DA:75,1
DA:76,5
DA:77,3
DA:78,1
DA:79,1
DA:80,3
DA:82,5
DA:86,3
DA:89,1
DA:91,1
DA:93,1
DA:95,1
DA:100,1
DA:102,1
DA:104,1
DA:106,1
DA:111,1
DA:113,1
DA:115,1
DA:117,1
DA:122,1
DA:124,1
DA:126,1
DA:127,3
DA:129,1
DA:130,1
DA:132,1
DA:135,1
DA:137,1
DA:139,1
DA:141,1
DA:150,1
DA:151,1
DA:152,1
DA:154,3
DA:163,1
DA:166,1
DA:168,1
DA:178,1
DA:179,1
DA:181,1
DA:182,1
DA:184,1
DA:191,1
DA:192,1
DA:195,1
DA:196,1
DA:199,1
DA:200,1
DA:215,1
DA:218,1
DA:220,1
DA:230,1
DA:231,1
DA:233,1
DA:234,1
DA:236,1
DA:243,1
DA:244,1
DA:247,1
DA:248,1
DA:251,1
DA:252,1
DA:267,1
DA:270,1
DA:272,1
DA:282,1
DA:283,2
DA:284,1
DA:286,4
DA:288,1
DA:289,1
DA:290,1
DA:291,4
DA:293,1
DA:296,1
DA:306,1
DA:309,1
DA:311,1
DA:321,1
DA:322,2
DA:323,1
DA:325,2
DA:327,1
DA:328,1
DA:329,1
DA:330,4
DA:332,1
DA:335,1
DA:345,1
DA:348,1
DA:350,1
DA:360,1
DA:362,2
DA:363,1
DA:364,2
DA:365,1
DA:366,1
DA:368,1
DA:370,1
DA:371,1
DA:372,1
DA:379,1
DA:380,2
DA:381,3
DA:394,1
DA:397,1
DA:399,1
DA:409,1
DA:410,1
DA:412,1
DA:413,1
DA:416,1
DA:423,1
DA:424,1
DA:427,1
DA:428,1
DA:431,1
DA:432,1
DA:447,1
DA:448,1
DA:450,1
DA:451,1
DA:452,1
DA:456,1
DA:457,1
LF:156
LH:152
end_of_record
SF:lib/features/recommendation/domain/recommendation_service.dart
DA:18,1
DA:19,1
DA:21,1
DA:22,3
DA:24,2
DA:25,1
DA:26,2
DA:29,1
DA:30,1
DA:31,1
DA:32,0
DA:37,1
DA:44,2
DA:52,0
DA:53,0
DA:54,0
DA:55,0
DA:56,0
DA:57,0
DA:58,0
DA:59,0
DA:60,0
DA:64,0
DA:72,4
DA:74,1
DA:75,1
DA:76,2
DA:77,2
DA:78,2
DA:80,4
DA:81,4
DA:82,2
DA:83,1
DA:90,0
DA:93,0
DA:94,0
DA:95,0
DA:96,0
DA:97,0
DA:98,0
DA:99,0
DA:103,0
DA:105,0
LF:43
LH:22
end_of_record
SF:lib/features/recommendation/presentation/widgets/social_reading_section.dart
DA:27,115
DA:34,2
DA:36,2
DA:39,2
DA:41,2
DA:51,2
DA:52,0
DA:62,6
DA:63,2
DA:65,2
DA:66,2
DA:74,0
DA:75,0
DA:82,0
DA:83,0
DA:85,0
DA:86,0
DA:87,0
DA:88,0
DA:89,0
DA:90,0
DA:91,0
DA:95,0
DA:96,0
DA:105,0
DA:108,0
DA:110,0
DA:114,0
DA:115,0
DA:116,0
DA:118,0
DA:119,0
DA:120,0
DA:130,0
DA:131,0
LF:35
LH:10
end_of_record
SF:lib/shared/providers/adventurer_provider.dart
DA:8,12
DA:11,0
DA:12,0
DA:15,0
DA:16,0
DA:23,0
DA:24,0
DA:25,0
DA:26,0
DA:27,0
DA:28,0
DA:29,0
DA:30,0
DA:31,0
DA:32,0
DA:33,0
DA:34,0
DA:35,0
DA:36,0
DA:37,0
DA:42,0
DA:43,0
DA:48,0
DA:49,0
DA:52,0
DA:53,0
DA:58,0
DA:59,0
DA:60,0
DA:61,0
DA:67,1
DA:68,2
DA:71,5
DA:75,2
DA:88,2
DA:89,4
DA:90,4
DA:91,4
DA:92,4
DA:93,4
DA:94,4
DA:95,4
DA:96,4
DA:97,2
DA:98,2
DA:99,2
DA:105,1
DA:106,3
DA:107,3
DA:108,2
DA:109,4
DA:116,8
DA:117,6
DA:118,2
LF:54
LH:25
end_of_record
SF:lib/features/bookshelf/presentation/widgets/xp_bar.dart
DA:12,2
DA:20,12
DA:22,2
DA:24,2
DA:27,2
DA:29,2
DA:30,2
DA:32,2
DA:34,2
DA:35,2
DA:36,2
DA:37,2
DA:38,4
DA:46,2
DA:47,2
DA:48,2
DA:59,2
DA:60,2
DA:61,2
DA:62,2
DA:70,2
DA:71,6
LF:22
LH:22
end_of_record
SF:lib/shared/providers/book_search_service_provider.dart
DA:12,3
DA:13,0
DA:14,0
DA:18,0
DA:19,0
LF:5
LH:1
end_of_record
SF:lib/features/explore/presentation/widgets/search_results_widget.dart
DA:11,2
DA:17,2
DA:19,2
DA:21,4
DA:22,2
DA:23,4
DA:24,2
DA:25,4
DA:27,2
DA:29,3
DA:41,2
DA:43,2
DA:45,2
DA:46,2
DA:47,8
DA:49,2
DA:51,2
DA:53,2
DA:55,2
DA:56,2
DA:57,4
DA:58,1
DA:59,2
DA:63,1
DA:69,2
DA:70,2
DA:72,2
DA:73,2
DA:74,4
DA:75,6
DA:82,6
DA:83,2
DA:84,6
DA:85,4
DA:89,5
DA:91,1
DA:92,2
DA:93,3
DA:94,3
DA:105,2
DA:106,8
DA:108,2
DA:111,4
DA:113,2
DA:124,57
DA:126,2
DA:128,2
DA:131,6
LF:48
LH:48
end_of_record
SF:lib/features/history/data/weekly_reading_provider.dart
DA:5,4
DA:6,2
DA:7,0
LF:3
LH:2
end_of_record
SF:lib/features/reading/data/reading_session_repository_provider.dart
DA:8,12
DA:9,11
DA:10,10
DA:11,0
LF:4
LH:3
end_of_record
SF:lib/features/history/presentation/widgets/reading_calendar_widget.dart
DA:10,58
DA:12,2
DA:15,10
DA:17,2
DA:18,8
DA:21,8
DA:24,2
DA:26,2
DA:28,2
DA:30,2
DA:31,2
DA:33,2
DA:35,2
DA:52,2
DA:59,4
DA:61,16
DA:62,2
DA:63,2
DA:72,1
DA:76,2
DA:80,1
DA:81,1
DA:88,2
DA:89,4
DA:90,2
DA:92,2
DA:93,2
DA:96,2
DA:97,4
DA:104,2
DA:117,57
DA:119,2
DA:121,2
DA:123,2
DA:124,2
DA:127,2
DA:128,4
DA:129,2
DA:130,4
DA:134,4
LF:40
LH:40
end_of_record
SF:lib/features/history/presentation/widgets/weekly_chart_widget.dart
DA:10,1
DA:12,0
DA:14,0
DA:15,0
DA:17,0
DA:18,0
DA:19,0
DA:21,0
DA:24,0
DA:26,0
DA:28,0
DA:29,0
DA:31,0
DA:33,0
DA:40,0
DA:44,0
DA:46,0
DA:48,0
DA:49,0
DA:50,0
DA:52,0
DA:53,0
DA:55,0
DA:56,0
DA:57,0
DA:58,0
DA:59,0
DA:66,0
DA:67,0
DA:82,0
DA:83,0
DA:84,0
LF:32
LH:1
end_of_record
SF:lib/features/reading/data/supabase_reading_session_repository.dart
DA:10,0
DA:13,0
DA:18,0
DA:21,0
DA:23,0
DA:24,0
DA:26,0
DA:30,0
DA:32,0
DA:35,0
DA:41,0
DA:42,0
DA:44,0
DA:48,0
DA:50,0
DA:53,0
DA:55,0
DA:57,0
DA:58,0
DA:59,0
DA:62,0
DA:63,0
DA:66,0
DA:68,0
DA:70,0
DA:73,0
DA:74,0
DA:77,0
DA:79,0
DA:81,0
DA:85,0
DA:86,0
DA:87,0
DA:90,0
DA:91,0
DA:94,0
DA:98,0
DA:100,0
DA:102,0
DA:103,0
DA:104,0
DA:107,0
DA:108,0
DA:109,0
DA:117,0
DA:119,0
DA:121,0
DA:122,0
DA:125,0
DA:126,0
DA:127,0
DA:133,0
DA:135,0
DA:137,0
DA:140,0
DA:141,0
DA:142,0
DA:143,0
DA:144,0
DA:145,0
DA:151,0
DA:153,0
DA:154,0
DA:155,0
DA:157,0
DA:159,0
DA:160,0
DA:161,0
DA:165,0
DA:166,0
DA:167,0
DA:168,0
DA:169,0
DA:170,0
DA:171,0
DA:172,0
DA:174,0
DA:175,0
DA:176,0
DA:177,0
DA:184,0
DA:186,0
DA:187,0
DA:189,0
DA:190,0
DA:192,0
DA:193,0
DA:195,0
DA:198,0
DA:201,0
DA:202,0
DA:203,0
DA:204,0
DA:205,0
DA:206,0
DA:214,0
DA:216,0
DA:217,0
DA:221,0
DA:222,0
DA:223,0
DA:224,0
DA:225,0
DA:226,0
DA:228,0
DA:232,0
LF:106
LH:0
end_of_record
SF:lib/features/recommendation/presentation/widgets/recommendation_list.dart
DA:12,0
DA:17,0
DA:19,0
DA:23,0
DA:24,0
DA:25,0
LF:6
LH:0
end_of_record
SF:lib/features/shared/data/tsundoku_book_event_exporter.dart
DA:11,57
DA:19,3
DA:24,6
DA:25,6
DA:27,0
DA:34,0
LF:6
LH:4
end_of_record
SF:lib/shared/providers/xp_calculator.dart
DA:2,0
DA:8,0
DA:10,0
DA:11,0
DA:12,0
DA:13,0
DA:14,0
DA:28,0
DA:48,0
DA:49,0
DA:50,0
DA:51,0
DA:54,0
DA:55,0
DA:56,0
DA:57,0
DA:61,0
DA:62,0
DA:63,0
DA:67,0
DA:76,0
DA:77,0
DA:78,0
DA:79,0
DA:80,0
LF:25
LH:0
end_of_record
SF:lib/shared/repositories/book_search_service.dart
DA:14,1
DA:27,0
DA:29,0
DA:30,0
DA:32,0
DA:35,0
DA:36,0
DA:37,0
DA:41,0
DA:47,0
DA:48,0
DA:51,0
DA:55,0
DA:59,0
DA:63,0
DA:64,0
DA:65,0
DA:66,0
DA:67,0
DA:71,0
DA:72,0
LF:21
LH:1
end_of_record
SF:lib/shared/repositories/rakuten_api.dart
DA:22,2
DA:26,1
DA:31,1
DA:32,3
DA:36,1
DA:37,4
DA:39,0
DA:40,0
DA:42,3
DA:44,1
DA:45,1
DA:51,1
DA:52,3
DA:55,3
DA:56,1
DA:58,1
DA:59,2
DA:61,2
DA:62,1
DA:63,1
DA:64,1
DA:66,0
DA:71,1
DA:72,4
DA:74,0
DA:77,3
DA:79,1
DA:80,1
DA:86,1
DA:87,2
DA:90,3
DA:91,1
DA:93,1
DA:94,1
DA:96,2
DA:97,1
DA:103,1
DA:104,1
DA:105,1
DA:106,2
DA:107,1
DA:108,1
DA:109,2
DA:110,2
DA:111,2
DA:112,2
DA:113,2
DA:114,2
DA:115,0
DA:117,3
DA:121,1
DA:122,2
DA:124,1
DA:125,3
DA:126,3
DA:127,1
DA:130,1
DA:131,1
DA:133,2
DA:134,2
DA:135,0
DA:136,0
DA:139,1
DA:140,2
DA:141,1
DA:144,1
DA:145,1
DA:146,3
LF:68
LH:61
end_of_record
SF:lib/shared/repositories/openbd_api.dart
DA:15,2
DA:18,0
DA:19,0
DA:20,0
DA:24,0
DA:25,0
DA:28,0
DA:29,0
DA:31,0
DA:35,0
DA:41,0
DA:42,0
DA:43,0
DA:44,0
DA:45,0
DA:46,0
DA:47,0
DA:48,0
DA:49,0
DA:52,0
DA:54,0
DA:59,0
DA:60,0
DA:62,0
DA:63,0
DA:64,0
DA:65,0
DA:68,0
DA:69,0
DA:70,0
DA:71,0
DA:72,0
DA:73,0
DA:76,0
DA:77,0
DA:78,0
DA:81,0
DA:82,0
DA:83,0
LF:39
LH:1
end_of_record
SF:lib/shared/repositories/google_books_api.dart
DA:15,1
DA:18,1
DA:22,0
DA:23,0
DA:25,0
DA:26,0
DA:28,0
DA:30,0
DA:36,0
DA:37,0
DA:40,0
DA:41,0
DA:42,0
DA:45,0
DA:46,0
DA:48,0
DA:52,0
DA:53,0
DA:55,0
DA:58,0
DA:59,0
DA:60,0
DA:66,0
DA:67,0
DA:70,0
DA:71,0
DA:72,0
DA:74,0
DA:80,0
DA:81,0
DA:82,0
DA:85,0
DA:89,0
DA:91,0
DA:92,0
DA:93,0
DA:94,0
DA:100,0
DA:102,0
DA:105,0
DA:109,0
DA:110,0
DA:111,0
DA:112,0
DA:113,0
DA:114,0
DA:117,0
DA:121,0
DA:122,0
DA:123,0
DA:124,0
DA:126,0
LF:52
LH:2
end_of_record
SF:lib/features/shared/data/adventurer_repository_provider.dart
DA:8,4
DA:9,2
DA:10,2
DA:11,1
LF:4
LH:4
end_of_record
SF:lib/features/bookshelf/data/supabase_adventurer_repository.dart
DA:18,1
DA:20,1
DA:22,2
DA:23,2
DA:24,2
DA:25,2
DA:26,2
DA:31,2
DA:33,0
DA:36,1
DA:38,2
DA:43,1
DA:45,1
DA:48,1
DA:50,1
DA:54,1
DA:69,0
DA:74,0
DA:79,0
DA:84,0
DA:89,0
LF:21
LH:15
end_of_record
SF:lib/features/bookshelf/data/war_trophy_repository_provider.dart
DA:8,4
DA:9,2
DA:10,1
LF:3
LH:3
end_of_record
SF:lib/features/bookshelf/data/supabase_war_trophy_repository.dart
DA:14,1
DA:18,0
DA:23,0
DA:26,0
DA:28,0
DA:30,0
DA:33,0
DA:34,0
DA:37,0
DA:39,0
DA:40,0
DA:41,0
DA:43,0
DA:45,0
DA:48,0
DA:50,0
DA:52,0
DA:53,0
DA:55,0
DA:59,0
DA:60,0
DA:61,0
DA:62,0
DA:63,0
DA:65,0
DA:66,0
DA:67,0
DA:68,0
DA:73,0
DA:74,0
DA:75,0
DA:76,0
DA:77,0
DA:78,0
DA:79,0
DA:80,0
DA:81,0
LF:37
LH:1
end_of_record
SF:lib/features/shared/providers/war_trophy_provider.dart
DA:17,0
DA:24,0
DA:25,0
DA:26,0
DA:30,0
DA:31,0
DA:32,0
DA:33,0
DA:35,0
DA:44,0
DA:46,0
DA:47,0
DA:48,0
DA:49,0
DA:51,0
DA:53,0
DA:56,0
DA:60,0
DA:62,0
DA:69,0
DA:70,0
DA:72,0
DA:74,0
DA:76,0
DA:79,0
DA:87,0
DA:88,0
DA:91,0
DA:95,0
LF:29
LH:0
end_of_record
SF:lib/features/tutorial/presentation/tutorial_content.dart
DA:10,6
DA:12,5
DA:22,0
DA:66,2
LF:4
LH:3
end_of_record
SF:lib/features/tutorial/data/tutorial_preferences.dart
DA:5,0
DA:16,0
DA:21,0
DA:24,0
DA:25,0
DA:28,0
DA:29,0
DA:32,0
DA:33,0
DA:36,0
LF:10
LH:0
end_of_record
SF:lib/features/tutorial/presentation/tutorial_screen.dart
DA:14,0
DA:16,0
DA:17,0
DA:25,0
DA:27,0
DA:29,0
DA:30,0
DA:33,0
DA:35,0
DA:36,0
DA:39,0
DA:41,0
DA:43,0
DA:44,0
DA:45,0
DA:46,0
DA:47,0
DA:51,0
DA:53,0
DA:54,0
DA:57,0
DA:58,0
DA:65,0
DA:67,0
DA:70,0
DA:71,0
DA:72,0
DA:74,0
DA:76,0
DA:77,0
DA:78,0
DA:79,0
DA:81,0
DA:88,0
DA:89,0
DA:90,0
DA:92,0
DA:93,0
DA:100,0
DA:101,0
DA:103,0
DA:104,0
DA:105,0
DA:106,0
DA:109,0
DA:111,0
DA:112,0
DA:115,0
DA:121,0
DA:123,0
DA:125,0
DA:127,0
DA:128,0
DA:132,0
DA:133,0
DA:136,0
DA:137,0
DA:158,0
DA:164,0
DA:166,0
DA:168,0
DA:169,0
DA:170,0
DA:175,0
DA:177,0
LF:65
LH:0
end_of_record
SF:lib/features/tutorial/presentation/widgets/tutorial_page.dart
DA:9,4
DA:11,1
DA:13,1
DA:14,2
DA:16,1
DA:18,1
DA:20,1
DA:23,1
DA:26,1
DA:28,1
DA:29,2
DA:37,1
DA:38,2
DA:49,1
DA:50,2
LF:15
LH:15
end_of_record
SF:lib/features/shared/data/supabase_auth_repository.dart
DA:8,0
DA:10,0
DA:12,0
DA:14,0
DA:15,0
DA:17,0
DA:18,0
DA:20,0
DA:22,0
DA:25,0
DA:27,0
LF:11
LH:0
end_of_record
